2022-08-23 10:05:39 - error: Les mots de passes doivent être indentique
2022-08-23 10:05:48 - error: Cet utilisateur existe déjà
2022-08-23 10:06:15 - error: Cet utilisateur existe déjà
2022-08-23 10:06:18 - error: user is not defined
2022-08-23 10:06:46 - error: Cet utilisateur existe déjà
2022-08-23 10:16:36 - error: Cannot read properties of null (reading 'dataValues')
2022-08-23 10:17:14 - error: Cannot read properties of null (reading 'dataValues')
2022-08-23 10:17:28 - error: Cannot read properties of null (reading 'dataValues')
2022-08-23 10:18:46 - error: Utilisateur introuvable
2022-08-23 10:22:16 - error: pchstr must be a non-empty string
2022-08-23 10:22:26 - error: pchstr must be a non-empty string
2022-08-23 10:22:27 - error: pchstr must be a non-empty string
2022-08-23 10:23:05 - error: pchstr must be a non-empty string
2022-08-23 10:23:05 - error: pchstr must be a non-empty string
2022-08-23 10:23:12 - error: pchstr must be a non-empty string
2022-08-23 10:23:12 - error: pchstr must be a non-empty string
2022-08-23 10:27:28 - error:  nom: format invalide
2022-08-23 10:29:48 - error: Unexpected token } in JSON at position 76
2022-08-23 10:30:31 - error: "name" is not allowed
2022-08-23 10:32:35 - error: Unexpected token } in JSON at position 76
2022-08-23 10:35:01 - error: La ville n'a pas était trouvé
2022-08-23 10:37:17 - error: "firstname" is not allowed
2022-08-23 10:40:30 - error: "firstname" is not allowed
2022-08-23 10:40:40 - error: "firstname" is not allowed
2022-08-23 10:44:32 - error: Unexpected token } in JSON at position 69
2022-08-23 10:52:58 - error: ee is not defined
2022-08-23 11:04:05 - error: Token inexistant
2022-08-23 11:04:25 - error: Token inexistant
2022-08-23 14:10:13 - error: Token inexistant
2022-08-23 14:10:23 - error: Cannot read properties of undefined (reading 'split')
2022-08-23 14:10:59 - error: Token inexistant
2022-08-23 14:11:03 - error: Cannot read properties of undefined (reading 'split')
2022-08-23 14:11:18 - error: Cannot read properties of undefined (reading 'split')
2022-08-23 14:11:46 - error: Cannot read properties of undefined (reading 'split')
2022-08-23 14:13:17 - error: "address" is required
2022-08-23 14:14:32 - error: Forbidden
2022-08-23 14:21:48 - error: Forbidden
2022-08-23 14:21:58 - error: Utilisateur introuvable
