2022-08-22 16:09:29 - error: Les mots de passes doivent être indentique
2022-08-22 17:01:43 - error: Cannot destructure property 'password' of 'user[0]' as it is undefined.
2022-08-22 17:04:35 - error: "lat" is not allowed
2022-08-22 17:08:55 - error: "email" is not allowed
2022-08-22 17:09:24 - error:  nom: format invalide
2022-08-22 17:19:31 - error: controller is not a function
2022-08-22 17:29:24 - error: "name" is not allowed
2022-08-22 17:30:06 - error: "name" is not allowed
2022-08-22 17:30:37 - error: "name" is not allowed
2022-08-22 17:32:44 - error: "name" is not allowed
2022-08-22 17:32:49 - error: "name" is not allowed
2022-08-22 17:33:40 - error: "namee" is not allowed
2022-08-22 17:34:37 - error: "name" is not allowed
2022-08-22 17:35:57 - error: La ville n'a pas était trouvé
2022-08-22 17:36:18 - error: La ville n'a pas était trouvé
2022-08-22 17:36:20 - error: La ville n'a pas était trouvé
2022-08-22 17:36:24 - error: La ville n'a pas était trouvé
2022-08-22 17:37:15 - error: La ville n'a pas était trouvé
2022-08-22 17:38:08 - error: "name" is not allowed
2022-08-22 17:39:28 - error: "name" is not allowed
2022-08-22 17:40:33 - error: "name" is not allowed
2022-08-22 17:40:55 - error: "name" is not allowed
2022-08-22 17:41:03 - error: "name" is not allowed
2022-08-22 17:41:08 - error: "name" is not allowed
2022-08-22 17:43:53 - error: "name" is not allowed to be empty
2022-08-22 17:44:09 - error: name: Chaine vide !
2022-08-22 20:15:59 - error: Utilisateur introuvable
2022-08-22 20:22:24 - error: Email ou mot de passe incorrect
