2022-08-25 09:06:20 - error: Vous devez être connecté
2022-08-25 09:21:57 - error: Cannot read properties of undefined (reading 'globalVersion')
2022-08-25 09:27:43 - error: controller is not a function
2022-08-25 09:29:25 - error: controller is not a function
2022-08-25 09:37:22 - error: Token invalide
2022-08-25 09:49:30 - error: Cannot read properties of undefined (reading 'label')
2022-08-25 09:50:18 - error: Cannot read properties of undefined (reading 'label')
2022-08-25 09:50:39 - error: Cannot read properties of undefined (reading 'label')
2022-08-25 09:51:45 - error: Cannot read properties of undefined (reading 'label')
2022-08-25 09:54:09 - error: "type" is required
2022-08-25 09:59:11 - error: "label" is required
2022-08-25 10:04:01 - error: "label" is not allowed
2022-08-25 10:26:25 - error: Aucune utilisateur trouvé
2022-08-25 10:26:34 - error: Aucune utilisateur trouvé
2022-08-25 10:26:50 - error: Aucune utilisateur trouvé
2022-08-25 10:27:17 - error: Aucune utilisateur trouvé
2022-08-25 10:27:22 - error: Aucune utilisateur trouvé
2022-08-25 10:40:27 - error: undefined
2022-08-25 10:40:41 - error: undefined
2022-08-25 10:40:53 - error: undefined
2022-08-25 10:41:13 - error: Forbidden
2022-08-25 10:41:53 - error: Forbidden
2022-08-25 10:42:37 - error: Forbidden
2022-08-25 10:42:47 - error: Forbidden
2022-08-25 10:45:47 - error: Vous devez être connecté
2022-08-25 10:45:57 - error: Token invalide
2022-08-25 10:49:29 - error: Le format de l'email n'est pas valide
2022-08-25 10:49:38 - error: Le format de l'email n'est pas valide
2022-08-25 10:49:51 - error: Le format de l'email n'est pas valide
2022-08-25 10:56:23 - error: Forbidden
2022-08-25 11:27:43 - error: Token invalide
2022-08-25 11:27:47 - error: Le format de l'email n'est pas valide
2022-08-25 11:40:01 - error: Vous devez être connecté
2022-08-25 11:47:31 - error: Forbidden
2022-08-25 11:47:38 - error: Forbidden
2022-08-25 16:04:36 - error: Utilisateur introuvable
2022-08-25 16:05:50 - error: Forbidden
2022-08-25 16:05:54 - error: Aucune activité trouvé
2022-08-25 16:06:39 - error: Forbidden
