{
  level: 'error',
  message: 'firstname: Chaine vide !',
  timestamp: '2022-08-22 11:02:25'
}
{
  level: 'error',
  message: 'firstname: Chaine vide !',
  timestamp: '2022-08-22 11:02:26'
}
{
  level: 'error',
  message: 'firstname: Chaine vide !',
  timestamp: '2022-08-22 11:03:40'
}
{
  level: 'error',
  message: 'firstname: Chaine vide !',
  timestamp: '2022-08-22 11:05:16'
}
{
  level: 'error',
  message: 'firstname: Chaine vide !',
  timestamp: '2022-08-22 11:07:10'
}
{
  level: 'error',
  message: 'firstname: Chaine vide !',
  timestamp: '2022-08-22 11:07:23'
}
{
  level: 'error',
  message: 'ee is not defined',
  timestamp: '2022-08-22 11:26:06'
}
{
  level: 'error',
  message: 'firstname: Chaine vide !',
  timestamp: '2022-08-22 11:27:15'
}
{
  level: 'error',
  message: 'ValidationError: firstname: Chaine vide !',
  timestamp: '2022-08-22 11:29:38'
}
{
  level: 'error',
  message: 'ValidationError: firstname: Chaine vide !',
  timestamp: '2022-08-22 11:33:06'
}
{
  level: 'error',
  message: "Cet utilisateur n'existe pas",
  timestamp: '2022-08-22 11:40:09'
}
{
  level: 'error',
  message: "Cet utilisateur n'existe pas",
  timestamp: '2022-08-22 11:47:56'
}
{
  level: 'error',
  message: "Cet utilisateur n'existe pas",
  timestamp: '2022-08-22 11:49:26'
}
